"KeyBindings"
{
	"Name"		"ARROW"
	"Version"		"12"
	"AlgorithmicUpdateVersion"		"8"
	"UseHeroBindings"		"0"
	"LinkPlayerToSpectator"		"1"
	"Keys"
	{
		"CameraUp"
		{
			"Key"		"UPARROW"
		}
		"CameraDown"
		{
			"Key"		"DOWNARROW"
		}
		"CameraLeft"
		{
			"Key"		"LEFTARROW"
		}
		"CameraRight"
		{
			"Key"		"RIGHTARROW"
		}
		"CameraGrip"
		{
			"Key"		"MOUSE3"
			"Mode"		"0"
		}
		"CameraZoomOut"
		{
			"Key"		"MWHEELDOWN"
		}
		"ActivateGlyph"
		{
			"Mode"		"0"
		}
		"ChatTeam"
		{
			"Key"		"ENTER"
		}
		"ChatTeam2"
		{
			"Key"		"KP_ENTER"
		}
		"ChatVoiceTeam"
		{
			"Key"		"G"
			"Mode"		"0"
		}
		"ChatWheel"
		{
			"Key"		"Y"
		}
		"HeroChatWheel"
		{
			"Mode"		"0"
			"Key"		"K"
		}
		"HeroAttack"
		{
			"Key"		"A"
		}
		"HeroMove"
		{
			"Mode"		"0"
		}
		"HeroStop"
		{
			"Key"		"S"
		}
		"HeroHold"
		{
			"Key"		"H"
		}
		"HeroSelect"
		{
			"Key"		"F1"
		}
		"CourierSelect"
		{
			"Mode"		"0"
			"Key"		"F3"
		}
		"ScoutSelect"
		{
			"Key"		"F7"
		}
		"CourierDeliver"
		{
			"Mode"		"0"
		}
		"ControlGroup7"
		{
			"Key"		"7"
		}
		"ControlGroup8"
		{
			"Key"		"8"
		}
		"ControlGroup9"
		{
			"Key"		"9"
		}
		"ControlGroup10"
		{
			"Key"		"0"
		}
		"ControlGroupCycle"
		{
			"Key"		"TAB"
		}
		"AbilityPrimary1"
		{
			"Mode"		"1"
		}
		"AbilityPrimary2"
		{
			"Mode"		"1"
		}
		"AbilityPrimary3"
		{
			"Mode"		"1"
		}
		"AbilitySecondary1"
		{
			"Mode"		"1"
		}
		"AbilitySecondary2"
		{
			"Mode"		"1"
		}
		"AbilityUltimate"
		{
			"Mode"		"1"
		}
		"LearnAbilities"
		{
			"Mode"		"0"
		}
		"LearnStats"
		{
			"Mode"		"0"
		}
		"Inventory1"
		{
			"Mode"		"2"
		}
		"Inventory2"
		{
			"Mode"		"2"
		}
		"Inventory3"
		{
			"Mode"		"2"
		}
		"Inventory4"
		{
			"Mode"		"2"
		}
		"Inventory5"
		{
			"Mode"		"2"
		}
		"Inventory6"
		{
			"Mode"		"2"
		}
		"InventoryTP"
		{
			"Mode"		"2"
		}
		"ShopToggle"
		{
			"Mode"		"0"
		}
		"PurchaseQuickbuy"
		{
			"Mode"		"0"
		}
		"PurchaseSticky"
		{
			"Key"		"B"
			"Mode"		"0"
		}
		"Console"
		{
			"Key"		"\"
		}
		"Pause"
		{
			"Key"		"F9"
			"Mode"		"0"
		}
		"ScreenshotSettings"
		{
			"Key"		"F6"
		}
		"Escape"
		{
			"Key"		"ESCAPE"
		}
		"SpectatorCameraUp"
		{
			"Key"		"UPARROW"
			"Modifier"		"None"
			"Mode"		"0"
		}
		"SpectatorCameraDown"
		{
			"Key"		"DOWNARROW"
			"Modifier"		"None"
			"Mode"		"0"
		}
		"SpectatorCameraLeft"
		{
			"Key"		"LEFTARROW"
			"Modifier"		"None"
			"Mode"		"0"
		}
		"SpectatorCameraRight"
		{
			"Key"		"RIGHTARROW"
			"Modifier"		"None"
			"Mode"		"0"
		}
		"SpectatorIncreaseReplaySpeed"
		{
			"Key"		"="
		}
		"SpectatorDecreaseReplaySpeed"
		{
			"Key"		"-"
		}
		"SpectatorChat"
		{
			"Key"		"ENTER"
			"Modifier"		"SHIFT"
			"Mode"		"0"
		}
		"SpectatorCoach_ViewToggle"
		{
			"Key"		"SPACE"
		}
		"SpectatorScoreboard"
		{
			"Key"		"`"
			"Modifier"		"None"
			"Mode"		"0"
		}
		"SpectatorStatsItem"
		{
			"Key"		"F5"
		}
		"SpectatorStatsGold"
		{
			"Key"		"F6"
		}
		"SpectatorStatsXP"
		{
			"Key"		"F7"
		}
		"SpectatorStatsWinChance"
		{
			"Key"		"F8"
		}
		"SpectatorFOWRadient"
		{
			"Key"		"F2"
		}
		"SpectatorFOWDire"
		{
			"Key"		"F3"
		}
		"SpectatorBroadcasterMenu"
		{
			"Key"		"F10"
		}
		"SpectatorDropdown_KDA"
		{
			"Key"		"q"
		}
		"SpectatorDropdown_Lasthits_Denies"
		{
			"Key"		"w"
		}
		"SpectatorDropdown_Level"
		{
			"Key"		"e"
		}
		"SpectatorDropdown_XP_Per_Min"
		{
			"Key"		"r"
		}
		"SpectatorDropdown_Gold"
		{
			"Key"		"t"
		}
		"SpectatorDropdown_NetWorth"
		{
			"Key"		"y"
		}
		"SpectatorDropdown_Fantasy"
		{
			"Key"		"o"
		}
		"SpectatorDropdown_Gold_Per_Min"
		{
			"Key"		"u"
			"PanelParent"		"page2"
		}
		"SpectatorDropdown_Buyback"
		{
			"Key"		"i"
		}
		"SpectatorDropdown_Sort"
		{
			"Key"		"s"
		}
		"SpectatorDropdown_Close"
		{
			"Key"		"a"
		}
		"SpectatorCameraFocusPlayer1"
		{
			"Key"		"1"
		}
		"SpectatorCameraFocusPlayer2"
		{
			"Key"		"2"
		}
		"SpectatorCameraFocusPlayer3"
		{
			"Key"		"3"
		}
		"SpectatorCameraFocusPlayer4"
		{
			"Key"		"4"
		}
		"SpectatorCameraFocusPlayer5"
		{
			"Key"		"5"
		}
		"SpectatorCameraFocusPlayer6"
		{
			"Key"		"6"
		}
		"SpectatorCameraFocusPlayer7"
		{
			"Key"		"7"
		}
		"SpectatorCameraFocusPlayer8"
		{
			"Key"		"8"
		}
		"SpectatorCameraFocusPlayer9"
		{
			"Key"		"9"
		}
		"SpectatorCameraFocusPlayer10"
		{
			"Key"		"0"
		}
		"ShopTabConsumables"
		{
			"Key"		"q"
			"Mode"		"-1"
		}
		"ShopTabAttributes"
		{
			"Key"		"w"
			"Mode"		"-1"
		}
		"ShopTabArmaments"
		{
			"Key"		"e"
			"Mode"		"-1"
		}
		"ShopTabArcane"
		{
			"Key"		"r"
			"Mode"		"-1"
		}
		"ShopTabBasics"
		{
			"Key"		"a"
			"Mode"		"-1"
		}
		"ShopTabSupport"
		{
			"Key"		"s"
			"Mode"		"-1"
		}
		"ShopTabCaster"
		{
			"Key"		"d"
			"Mode"		"-1"
		}
		"ShopTabWeapons"
		{
			"Key"		"g"
			"Mode"		"-1"
		}
		"ShopTabArmor"
		{
			"Key"		"f"
			"Mode"		"-1"
		}
		"ShopTabArtifacts"
		{
			"Key"		"h"
			"Mode"		"-1"
		}
		"ShopTabSidePage1"
		{
			"Key"		"z"
			"Mode"		"-1"
		}
		"ShopTabSidePage2"
		{
			"Key"		"x"
			"Mode"		"-1"
		}
		"ShopTabSecret"
		{
			"Key"		"c"
			"Mode"		"-1"
		}
		"ShopTabSearchBox"
		{
			"Key"		"v"
			"Mode"		"-1"
		}
		"ShopSlot1"
		{
			"Key"		"1"
			"Mode"		"-1"
		}
		"ShopSlot2"
		{
			"Key"		"2"
			"Mode"		"-1"
		}
		"ShopSlot3"
		{
			"Key"		"3"
			"Mode"		"-1"
		}
		"ShopSlot4"
		{
			"Key"		"4"
			"Mode"		"-1"
		}
		"ShopSlot5"
		{
			"Key"		"5"
			"Mode"		"-1"
		}
		"ShopSlot6"
		{
			"Key"		"6"
			"Mode"		"-1"
		}
		"ShopSlot7"
		{
			"Key"		"7"
			"Mode"		"-1"
		}
		"ShopSlot8"
		{
			"Key"		"8"
			"Mode"		"-1"
		}
		"ShopSlot9"
		{
			"Key"		"9"
			"Mode"		"-1"
		}
		"ShopSlot10"
		{
			"Key"		"0"
			"Mode"		"-1"
		}
		"ShopSlot11"
		{
			"Key"		"-"
			"Mode"		"-1"
		}
		"ShopSlot12"
		{
			"Key"		"="
			"Mode"		"-1"
		}
		"ShopSlot13"
		{
			"Key"		"["
			"Mode"		"-1"
		}
		"ShopSlot14"
		{
			"Key"		"]"
			"Mode"		"-1"
		}
		"InspectHeroInWorld"
		{
			"Key"		"I"
		}
		"TalentUpgradeStatLeft"
		{
			"Key"		"1"
		}
		"TalentUpgradeStatRight"
		{
			"Key"		"2"
		}
		"TalentUpgradeAttribute"
		{
			"Key"		"3"
		}
		"ChatGlobal"
		{
			"Key"		"ENTER"
			"Modifier"		"SHIFT"
			"Mode"		"-1"
		}
		"ChatGlobal2"
		{
			"Key"		"KP_ENTER"
			"Modifier"		"SHIFT"
			"Mode"		"-1"
		}
		"AbilityPrimary1AutoCast"
		{
			"Mode"		"-1"
		}
		"AbilityPrimary2AutoCast"
		{
			"Mode"		"-1"
		}
		"AbilityPrimary3AutoCast"
		{
			"Mode"		"-1"
		}
		"AbilitySecondary1AutoCast"
		{
			"Mode"		"-1"
		}
		"AbilitySecondary2AutoCast"
		{
			"Mode"		"-1"
		}
		"AbilityUltimateAutoCast"
		{
			"Mode"		"-1"
		}
		"Inventory1AutoCast"
		{
			"Mode"		"-1"
		}
		"Inventory2AutoCast"
		{
			"Mode"		"-1"
		}
		"Inventory3AutoCast"
		{
			"Mode"		"-1"
		}
		"Inventory4AutoCast"
		{
			"Mode"		"-1"
		}
		"Inventory5AutoCast"
		{
			"Mode"		"-1"
		}
		"Inventory6AutoCast"
		{
			"Mode"		"-1"
		}
		"InventoryTPAutoCast"
		{
			"Mode"		"-1"
		}
		"SpectatorCameraGrip"
		{
			"Key"		"MOUSE3"
			"Modifier"		"None"
			"Mode"		"-1"
		}
		"SpectatorHeroSelect"
		{
			"Key"		"F1"
			"Modifier"		"None"
			"Mode"		"-1"
		}
		"SpectatorPause"
		{
			"Key"		"F9"
			"Modifier"		"None"
			"Mode"		"-1"
		}
		"InventoryNeutral"
		{
			"Mode"		"2"
		}
		"InventoryNeutralAutoCast"
		{
			"Mode"		"-1"
		}
		"HeroMoveDirection"
		{
			"Mode"		"-1"
		}
		"HeroTaunt"
		{
			"Key"		"U"
			"Mode"		"-1"
		}
		"CombatLogToggle"
		{
			"Mode"		"-1"
		}
		"AbilityPrimary1QuickCast"
		{
			"Key"		"Q"
			"Mode"		"-1"
		}
		"AbilityPrimary1AutoCastAlternate2"
		{
			"Key"		"q"
			"Modifier"		"ALT"
			"Mode"		"-1"
		}
		"AbilityPrimary2QuickCast"
		{
			"Key"		"W"
			"Mode"		"-1"
		}
		"AbilityPrimary2AutoCastAlternate2"
		{
			"Key"		"w"
			"Modifier"		"ALT"
			"Mode"		"-1"
		}
		"AbilityPrimary3QuickCast"
		{
			"Key"		"E"
			"Mode"		"-1"
		}
		"AbilityPrimary3AutoCastAlternate2"
		{
			"Key"		"e"
			"Modifier"		"ALT"
			"Mode"		"-1"
		}
		"AbilitySecondary1QuickCast"
		{
			"Key"		"D"
			"Mode"		"-1"
		}
		"AbilitySecondary1AutoCastAlternate2"
		{
			"Key"		"d"
			"Modifier"		"ALT"
			"Mode"		"-1"
		}
		"AbilitySecondary2QuickCast"
		{
			"Key"		"F"
			"Mode"		"-1"
		}
		"AbilitySecondary2AutoCastAlternate2"
		{
			"Key"		"f"
			"Modifier"		"ALT"
			"Mode"		"-1"
		}
		"AbilityUltimateQuickCast"
		{
			"Key"		"R"
			"Mode"		"-1"
		}
		"AbilityUltimateAutoCastAlternate2"
		{
			"Key"		"r"
			"Modifier"		"ALT"
			"Mode"		"-1"
		}
		"Inventory1QuickCast"
		{
			"Key"		"Z"
			"Mode"		"-1"
		}
		"Inventory1QuickAutoCast"
		{
			"Key"		"z"
			"Modifier"		"ALT"
			"Mode"		"-1"
		}
		"Inventory2QuickCast"
		{
			"Key"		"X"
			"Mode"		"-1"
		}
		"Inventory2QuickAutoCast"
		{
			"Key"		"x"
			"Modifier"		"ALT"
			"Mode"		"-1"
		}
		"Inventory3QuickCast"
		{
			"Key"		"C"
			"Mode"		"-1"
		}
		"Inventory3QuickAutoCast"
		{
			"Key"		"c"
			"Modifier"		"ALT"
			"Mode"		"-1"
		}
		"Inventory4QuickCast"
		{
			"Key"		"V"
			"Mode"		"-1"
		}
		"Inventory4QuickAutoCast"
		{
			"Key"		"v"
			"Modifier"		"ALT"
			"Mode"		"-1"
		}
		"Inventory5QuickCast"
		{
			"Key"		"SPACE"
			"Mode"		"-1"
		}
		"Inventory5QuickAutoCast"
		{
			"Key"		"SPACE"
			"Modifier"		"ALT"
			"Mode"		"-1"
		}
		"Inventory6QuickCast"
		{
			"Key"		"MOUSE4"
			"Mode"		"-1"
		}
		"Inventory6QuickAutoCast"
		{
			"Key"		"MOUSE4"
			"Modifier"		"ALT"
			"Mode"		"-1"
		}
		"InventoryNeutralQuickCast"
		{
			"Key"		"MOUSE5"
			"Mode"		"-1"
		}
		"InventoryNeutralQuickAutoCast"
		{
			"Key"		"MOUSE5"
			"Modifier"		"ALT"
			"Mode"		"-1"
		}
		"InventoryTPQuickCast"
		{
			"Key"		"T"
			"Mode"		"-1"
		}
		"InventoryTPQuickAutoCast"
		{
			"Key"		"t"
			"Modifier"		"ALT"
			"Mode"		"-1"
		}
		"SelectAll"
		{
			"Key"		"F2"
			"Mode"		"-1"
		}
		"ScoreboardToggle"
		{
			"Key"		"`"
			"Mode"		"-1"
		}
		"OverlayMapToggle"
		{
			"Key"		"M"
			"Mode"		"-1"
		}
		"ControlGroup1"
		{
			"Key"		"1"
			"Mode"		"-1"
		}
		"ControlGroup2"
		{
			"Key"		"2"
			"Mode"		"-1"
		}
		"ControlGroup3"
		{
			"Key"		"3"
			"Mode"		"-1"
		}
		"ControlGroup4"
		{
			"Key"		"4"
			"Mode"		"-1"
		}
		"ControlGroup5"
		{
			"Key"		"5"
			"Mode"		"-1"
		}
		"ControlGroup6"
		{
			"Key"		"6"
			"Mode"		"-1"
		}
		"ActivateRadar"
		{
			"Key"		"P"
			"Mode"		"-1"
		}
		"CameraZoomIn"
		{
			"Key"		"MWHEELUP"
			"Mode"		"-1"
		}
	}
	"PerUnitKeybinds"		"1"
	"Items"
	{
		"item_blink"
		{
			"Mode"		"1"
		}
		"item_overwhelming_blink"
		{
			"Mode"		"1"
		}
		"item_swift_blink"
		{
			"Mode"		"1"
		}
		"item_arcane_blink"
		{
			"Mode"		"1"
		}
		"item_quelling_blade"
		{
			"Mode"		"1"
		}
		"item_faerie_fire"
		{
			"Mode"		"1"
		}
		"item_moon_shard"
		{
			"Mode"		"1"
		}
		"item_branches"
		{
			"Mode"		"1"
		}
		"item_gem"
		{
			"Mode"		"1"
		}
		"item_magic_stick"
		{
			"Mode"		"1"
		}
		"item_magic_wand"
		{
			"Mode"		"1"
		}
		"item_ghost"
		{
			"Mode"		"1"
		}
		"item_clarity"
		{
			"Mode"		"1"
		}
		"item_enchanted_mango"
		{
			"Mode"		"1"
		}
		"item_blood_grenade"
		{
			"Mode"		"1"
		}
		"item_flask"
		{
			"Mode"		"1"
		}
		"item_dust"
		{
			"Mode"		"1"
		}
		"item_bottle"
		{
			"Mode"		"1"
		}
		"item_tango"
		{
			"Mode"		"1"
		}
		"item_tpscroll"
		{
			"Mode"		"1"
		}
		"item_phase_boots"
		{
			"Mode"		"1"
		}
		"item_power_treads"
		{
			"Mode"		"1"
		}
		"item_hand_of_midas"
		{
			"Mode"		"1"
		}
		"item_aetherial_halo"
		{
			"Mode"		"1"
		}
		"item_mekansm"
		{
			"Mode"		"1"
		}
		"item_holy_locket"
		{
			"Mode"		"1"
		}
		"item_pipe"
		{
			"Mode"		"1"
		}
		"item_urn_of_shadows"
		{
			"Mode"		"1"
		}
		"item_sheepstick"
		{
			"Mode"		"1"
		}
		"item_orchid"
		{
			"Mode"		"1"
		}
		"item_bloodthorn"
		{
			"Mode"		"1"
		}
		"item_cyclone"
		{
			"Mode"		"1"
		}
		"item_wind_waker"
		{
			"Mode"		"1"
		}
		"item_force_staff"
		{
			"Mode"		"1"
		}
		"item_hurricane_pike"
		{
			"Mode"		"1"
		}
		"item_dagon"
		{
			"Mode"		"1"
		}
		"item_dagon_2"
		{
			"Mode"		"1"
		}
		"item_dagon_3"
		{
			"Mode"		"1"
		}
		"item_dagon_4"
		{
			"Mode"		"1"
		}
		"item_dagon_5"
		{
			"Mode"		"1"
		}
		"item_refresher"
		{
			"Mode"		"1"
		}
		"item_black_king_bar"
		{
			"Mode"		"1"
		}
		"item_shivas_guard"
		{
			"Mode"		"1"
		}
		"item_bloodstone"
		{
			"Mode"		"1"
		}
		"item_sphere"
		{
			"Mode"		"1"
		}
		"item_lotus_orb"
		{
			"Mode"		"1"
		}
		"item_meteor_hammer"
		{
			"Mode"		"1"
		}
		"item_nullifier"
		{
			"Mode"		"1"
		}
		"item_spirit_vessel"
		{
			"Mode"		"1"
		}
		"item_crimson_guard"
		{
			"Mode"		"1"
		}
		"item_blade_mail"
		{
			"Mode"		"1"
		}
		"item_bfury"
		{
			"Mode"		"1"
		}
		"item_manta"
		{
			"Mode"		"1"
		}
		"item_invis_sword"
		{
			"Mode"		"1"
		}
		"item_silver_edge"
		{
			"Mode"		"1"
		}
		"item_satanic"
		{
			"Mode"		"1"
		}
		"item_mjollnir"
		{
			"Mode"		"1"
		}
		"item_helm_of_the_dominator"
		{
			"Mode"		"1"
		}
		"item_helm_of_the_overlord"
		{
			"Mode"		"1"
		}
		"item_gungir"
		{
			"Mode"		"1"
		}
		"item_mask_of_madness"
		{
			"Mode"		"1"
		}
		"item_diffusal_blade"
		{
			"Mode"		"1"
		}
		"item_disperser"
		{
			"Mode"		"1"
		}
		"item_ethereal_blade"
		{
			"Mode"		"1"
		}
		"item_soul_ring"
		{
			"Mode"		"1"
		}
		"item_arcane_boots"
		{
			"Mode"		"1"
		}
		"item_ancient_janggo"
		{
			"Mode"		"1"
		}
		"item_boots_of_bearing"
		{
			"Mode"		"1"
		}
		"item_solar_crest"
		{
			"Mode"		"1"
		}
		"item_pavise"
		{
			"Mode"		"1"
		}
		"item_smoke_of_deceit"
		{
			"Mode"		"1"
		}
		"item_veil_of_discord"
		{
			"Mode"		"1"
		}
		"item_guardian_greaves"
		{
			"Mode"		"1"
		}
		"item_rod_of_atos"
		{
			"Mode"		"1"
		}
		"item_iron_talon"
		{
			"Mode"		"1"
		}
		"item_abyssal_blade"
		{
			"Mode"		"1"
		}
		"item_heavens_halberd"
		{
			"Mode"		"1"
		}
		"item_shadow_amulet"
		{
			"Mode"		"1"
		}
		"item_glimmer_cape"
		{
			"Mode"		"1"
		}
		"item_force_boots"
		{
			"Mode"		"1"
		}
		"item_seer_stone"
		{
			"Mode"		"1"
		}
		"item_force_field"
		{
			"Mode"		"1"
		}
		"item_craggy_coat"
		{
			"Mode"		"1"
		}
		"item_ironwood_tree"
		{
			"Mode"		"1"
		}
		"item_royal_jelly"
		{
			"Mode"		"1"
		}
		"item_vambrace"
		{
			"Mode"		"1"
		}
		"item_trusty_shovel"
		{
			"Mode"		"1"
		}
		"item_ninja_gear"
		{
			"Mode"		"1"
		}
		"item_havoc_hammer"
		{
			"Mode"		"1"
		}
		"item_demonicon"
		{
			"Mode"		"1"
		}
		"item_pirate_hat"
		{
			"Mode"		"1"
		}
		"item_arcane_ring"
		{
			"Mode"		"1"
		}
		"item_trickster_cloak"
		{
			"Mode"		"1"
		}
		"item_bullwhip"
		{
			"Mode"		"1"
		}
		"item_psychic_headband"
		{
			"Mode"		"1"
		}
		"item_book_of_shadows"
		{
			"Mode"		"1"
		}
		"item_unstable_wand"
		{
			"Mode"		"1"
		}
		"item_seeds_of_serenity"
		{
			"Mode"		"1"
		}
		"item_ogre_seal_totem"
		{
			"Mode"		"1"
		}
		"item_harpoon"
		{
			"Mode"		"1"
		}
		"item_light_collector"
		{
			"Mode"		"1"
		}
	}
}
